INFO 2022-02-09 20:24:33,583 autoreload 578 Watching for file changes with StatReloader
INFO 2022-02-09 20:27:30,725 autoreload 578 Watching for file changes with StatReloader
INFO 2022-02-09 20:27:32,859 basehttp 154 "GET / HTTP/1.1" 200 16286
INFO 2022-02-09 20:33:35,065 autoreload 203 F:\全栈学习\后端\python项目\课件\第1章\1\代码\luffy\luffyapi\luffyapi\settings\dev.py changed, reloading.
INFO 2022-02-09 20:33:35,836 autoreload 578 Watching for file changes with StatReloader
INFO 2022-02-09 20:34:38,942 autoreload 203 F:\全栈学习\后端\python项目\课件\第1章\1\代码\luffy\luffyapi\luffyapi\settings\dev.py changed, reloading.
INFO 2022-02-09 20:34:39,796 autoreload 578 Watching for file changes with StatReloader
INFO 2022-02-09 20:34:57,752 autoreload 203 F:\全栈学习\后端\python项目\课件\第1章\1\代码\luffy\luffyapi\luffyapi\settings\dev.py changed, reloading.
INFO 2022-02-09 20:34:58,647 autoreload 578 Watching for file changes with StatReloader
INFO 2022-02-09 20:35:15,581 autoreload 203 F:\全栈学习\后端\python项目\课件\第1章\1\代码\luffy\luffyapi\luffyapi\settings\dev.py changed, reloading.
INFO 2022-02-09 20:35:16,397 autoreload 578 Watching for file changes with StatReloader
INFO 2022-02-09 20:35:23,284 autoreload 203 F:\全栈学习\后端\python项目\课件\第1章\1\代码\luffy\luffyapi\luffyapi\settings\dev.py changed, reloading.
INFO 2022-02-09 20:35:24,113 autoreload 578 Watching for file changes with StatReloader
INFO 2022-02-09 20:39:20,309 autoreload 203 F:\全栈学习\后端\python项目\课件\第1章\1\代码\luffy\luffyapi\luffyapi\settings\__init__.py changed, reloading.
INFO 2022-02-09 20:39:21,291 autoreload 578 Watching for file changes with StatReloader
INFO 2022-02-09 20:42:30,606 autoreload 578 Watching for file changes with StatReloader
INFO 2022-02-09 20:52:19,890 autoreload 578 Watching for file changes with StatReloader
INFO 2022-02-09 20:53:50,417 autoreload 578 Watching for file changes with StatReloader
INFO 2022-02-09 20:54:33,120 autoreload 203 E:\python\python_dowmload\Lib\site-packages\django\db\backends\mysql\base.py changed, reloading.
INFO 2022-02-09 20:54:34,090 autoreload 578 Watching for file changes with StatReloader
INFO 2022-02-09 20:54:56,078 autoreload 578 Watching for file changes with StatReloader
INFO 2022-02-09 20:55:38,320 autoreload 578 Watching for file changes with StatReloader
INFO 2022-02-09 20:55:40,561 basehttp 154 "GET / HTTP/1.1" 200 16286
INFO 2022-02-09 20:55:40,625 basehttp 154 "GET /static/admin/css/fonts.css HTTP/1.1" 304 0
INFO 2022-02-09 20:55:40,692 basehttp 154 "GET /static/admin/fonts/Roboto-Regular-webfont.woff HTTP/1.1" 304 0
INFO 2022-02-09 20:55:40,694 basehttp 154 "GET /static/admin/fonts/Roboto-Bold-webfont.woff HTTP/1.1" 304 0
INFO 2022-02-09 20:55:40,695 basehttp 154 "GET /static/admin/fonts/Roboto-Light-webfont.woff HTTP/1.1" 304 0
INFO 2022-02-09 21:45:22,392 autoreload 578 Watching for file changes with StatReloader
ERROR 2022-02-09 21:45:24,058 exception 75 Invalid HTTP_HOST header: '127.0.0.1:8000'. You may need to add '127.0.0.1' to ALLOWED_HOSTS.
ERROR 2022-02-09 21:45:24,077 basehttp 154 "GET / HTTP/1.1" 500 59
ERROR 2022-02-09 21:45:24,247 exception 75 Invalid HTTP_HOST header: '127.0.0.1:8000'. You may need to add '127.0.0.1' to ALLOWED_HOSTS.
ERROR 2022-02-09 21:45:24,265 basehttp 154 "GET /favicon.ico HTTP/1.1" 500 59
INFO 2022-02-09 21:48:43,371 autoreload 578 Watching for file changes with StatReloader
INFO 2022-02-09 21:48:48,002 basehttp 154 "GET / HTTP/1.1" 200 16286
INFO 2022-02-09 21:48:48,071 basehttp 154 "GET /static/admin/css/fonts.css HTTP/1.1" 200 423
INFO 2022-02-09 21:48:48,084 basehttp 154 "GET /favicon.ico HTTP/1.1" 200 16286
INFO 2022-02-09 21:48:48,103 basehttp 154 "GET /static/admin/fonts/Roboto-Regular-webfont.woff HTTP/1.1" 200 85876
INFO 2022-02-09 21:48:48,116 basehttp 154 "GET /static/admin/fonts/Roboto-Bold-webfont.woff HTTP/1.1" 200 86184
INFO 2022-02-09 21:48:48,122 basehttp 154 "GET /static/admin/fonts/Roboto-Light-webfont.woff HTTP/1.1" 200 85692
INFO 2022-02-09 21:53:11,199 basehttp 154 "GET / HTTP/1.1" 200 16286
INFO 2022-02-09 21:53:11,354 basehttp 154 "GET /static/admin/fonts/Roboto-Regular-webfont.woff HTTP/1.1" 200 85876
INFO 2022-02-09 22:08:41,565 autoreload 578 Watching for file changes with StatReloader
INFO 2022-02-09 22:09:31,359 autoreload 578 Watching for file changes with StatReloader
INFO 2022-02-09 22:09:34,316 basehttp 154 "GET / HTTP/1.1" 200 16286
INFO 2022-02-09 23:13:54,820 autoreload 203 F:\全栈学习\后端\python项目\课件\第1章\1\代码\luffy\luffyapi\luffyapi\settings\dev.py changed, reloading.
INFO 2022-02-09 23:13:56,593 autoreload 578 Watching for file changes with StatReloader
INFO 2022-02-09 23:14:03,560 autoreload 203 F:\全栈学习\后端\python项目\课件\第1章\1\代码\luffy\luffyapi\luffyapi\settings\dev.py changed, reloading.
INFO 2022-02-09 23:14:04,432 autoreload 578 Watching for file changes with StatReloader
INFO 2022-02-09 23:17:01,416 autoreload 203 F:\全栈学习\后端\python项目\课件\第1章\1\代码\luffy\luffyapi\luffyapi\urls.py changed, reloading.
INFO 2022-02-09 23:17:02,742 autoreload 578 Watching for file changes with StatReloader
INFO 2022-02-09 23:34:45,099 autoreload 578 Watching for file changes with StatReloader
WARNING 2022-02-09 23:34:47,025 log 222 Not Found: /
WARNING 2022-02-09 23:34:47,027 basehttp 154 "GET / HTTP/1.1" 404 1948
WARNING 2022-02-09 23:34:47,127 log 222 Not Found: /favicon.ico
INFO 2022-02-09 23:38:30,481 autoreload 203 F:\全栈学习\后端\python项目\课件\第1章\1\代码\luffy\luffyapi\luffyapi\urls.py changed, reloading.
INFO 2022-02-09 23:38:32,438 autoreload 578 Watching for file changes with StatReloader
INFO 2022-02-09 23:38:36,261 autoreload 203 F:\全栈学习\后端\python项目\课件\第1章\1\代码\luffy\luffyapi\luffyapi\urls.py changed, reloading.
INFO 2022-02-09 23:38:37,851 autoreload 578 Watching for file changes with StatReloader
WARNING 2022-02-09 23:39:39,649 log 222 Not Found: /
WARNING 2022-02-09 23:39:39,650 basehttp 154 "GET / HTTP/1.1" 404 1948
INFO 2022-02-09 23:41:41,008 autoreload 203 F:\全栈学习\后端\python项目\课件\第1章\1\代码\luffy\luffyapi\luffyapi\apps\home\models.py changed, reloading.
INFO 2022-02-09 23:41:43,407 autoreload 578 Watching for file changes with StatReloader
INFO 2022-02-10 00:23:14,961 autoreload 578 Watching for file changes with StatReloader
INFO 2022-02-10 00:24:12,293 autoreload 578 Watching for file changes with StatReloader
INFO 2022-02-10 00:26:12,497 autoreload 578 Watching for file changes with StatReloader
WARNING 2022-02-10 00:26:15,172 log 222 Not Found: /
WARNING 2022-02-10 00:26:15,173 basehttp 154 "GET / HTTP/1.1" 404 2159
WARNING 2022-02-10 00:26:23,860 log 222 Not Found: /banner
WARNING 2022-02-10 00:26:23,860 basehttp 154 "GET /banner HTTP/1.1" 404 2195
INFO 2022-02-10 00:26:38,935 basehttp 154 "GET /home/banner HTTP/1.1" 301 0
ERROR 2022-02-10 00:26:38,976 basehttp 154 "GET /home/banner/ HTTP/1.1" 500 59
INFO 2022-02-10 00:27:00,281 autoreload 578 Watching for file changes with StatReloader
WARNING 2022-02-10 00:27:02,652 log 222 Not Found: /
WARNING 2022-02-10 00:27:02,653 basehttp 154 "GET / HTTP/1.1" 404 2159
ERROR 2022-02-10 00:27:07,495 basehttp 154 "GET /home/banner/ HTTP/1.1" 500 59
INFO 2022-02-10 00:29:00,485 autoreload 578 Watching for file changes with StatReloader
WARNING 2022-02-10 00:29:02,404 log 222 Not Found: /
WARNING 2022-02-10 00:29:02,405 basehttp 154 "GET / HTTP/1.1" 404 2208
INFO 2022-02-10 00:29:14,007 basehttp 154 "GET /banner HTTP/1.1" 301 0
ERROR 2022-02-10 00:29:14,055 basehttp 154 "GET /banner/ HTTP/1.1" 500 59
ERROR 2022-02-10 00:29:39,902 basehttp 154 "GET /banner/ HTTP/1.1" 500 59
ERROR 2022-02-10 00:30:22,707 basehttp 154 "GET /banner/ HTTP/1.1" 500 59
INFO 2022-02-10 00:32:14,812 autoreload 203 F:\全栈学习\后端\python项目\课件\第1章\1\代码\luffy\luffyapi\luffyapi\apps\home\views.py changed, reloading.
INFO 2022-02-10 00:32:15,683 autoreload 578 Watching for file changes with StatReloader
INFO 2022-02-10 00:34:04,743 autoreload 578 Watching for file changes with StatReloader
WARNING 2022-02-10 00:34:17,356 log 222 Not Found: /
WARNING 2022-02-10 00:34:17,356 basehttp 154 "GET / HTTP/1.1" 404 2208
ERROR 2022-02-10 00:34:26,321 basehttp 154 "GET /banner/ HTTP/1.1" 500 59
ERROR 2022-02-10 00:36:17,717 basehttp 154 "GET /banner/ HTTP/1.1" 500 59
WARNING 2022-02-10 00:36:17,826 log 222 Not Found: /favicon.ico
INFO 2022-02-10 00:37:57,598 autoreload 203 F:\全栈学习\后端\python项目\课件\第1章\1\代码\luffy\luffyapi\luffyapi\apps\home\urls.py changed, reloading.
INFO 2022-02-10 00:37:59,328 autoreload 578 Watching for file changes with StatReloader
INFO 2022-02-10 00:38:14,622 autoreload 578 Watching for file changes with StatReloader
WARNING 2022-02-10 00:38:17,625 log 222 Not Found: /
WARNING 2022-02-10 00:38:17,626 basehttp 154 "GET / HTTP/1.1" 404 2159
WARNING 2022-02-10 00:38:24,944 log 222 Not Found: /banner/
WARNING 2022-02-10 00:38:24,945 basehttp 154 "GET /banner/ HTTP/1.1" 404 2198
WARNING 2022-02-10 00:38:36,854 log 222 Not Found: /home/
WARNING 2022-02-10 00:38:36,855 basehttp 154 "GET /home/ HTTP/1.1" 404 2246
ERROR 2022-02-10 00:38:46,024 basehttp 154 "GET /home/banner/ HTTP/1.1" 500 59
INFO 2022-02-10 00:40:41,056 autoreload 203 F:\全栈学习\后端\python项目\课件\第1章\1\代码\luffy\luffyapi\luffyapi\apps\home\serializers.py changed, reloading.
INFO 2022-02-10 00:40:43,129 autoreload 578 Watching for file changes with StatReloader
INFO 2022-02-10 00:42:21,595 autoreload 578 Watching for file changes with StatReloader
WARNING 2022-02-10 00:42:24,642 log 222 Not Found: /
WARNING 2022-02-10 00:42:24,643 basehttp 154 "GET / HTTP/1.1" 404 2208
ERROR 2022-02-10 00:42:32,139 basehttp 154 "GET /banner/ HTTP/1.1" 500 59
INFO 2022-02-10 00:44:35,355 autoreload 203 E:\python\python_dowmload\Lib\site-packages\django\views\debug.py changed, reloading.
INFO 2022-02-10 00:46:25,207 autoreload 578 Watching for file changes with StatReloader
WARNING 2022-02-10 00:46:27,257 log 222 Not Found: /
WARNING 2022-02-10 00:46:27,258 basehttp 154 "GET / HTTP/1.1" 404 2208
ERROR 2022-02-10 00:46:33,194 basehttp 154 "GET /banner/ HTTP/1.1" 500 59
INFO 2022-02-10 00:47:35,492 autoreload 578 Watching for file changes with StatReloader
WARNING 2022-02-10 00:47:37,240 log 222 Not Found: /
WARNING 2022-02-10 00:47:37,241 basehttp 154 "GET / HTTP/1.1" 404 2208
WARNING 2022-02-10 00:47:37,315 log 222 Not Found: /favicon.ico
WARNING 2022-02-10 00:47:37,315 basehttp 154 "GET /favicon.ico HTTP/1.1" 404 2259
ERROR 2022-02-10 00:47:41,579 log 222 Internal Server Error: /banner/
Traceback (most recent call last):
  File "E:\python\python_dowmload\lib\site-packages\django\core\handlers\exception.py", line 34, in inner
    response = get_response(request)
  File "E:\python\python_dowmload\lib\site-packages\django\core\handlers\base.py", line 145, in _get_response
    response = self.process_exception_by_middleware(e, request)
  File "E:\python\python_dowmload\lib\site-packages\django\core\handlers\base.py", line 143, in _get_response
    response = response.render()
  File "E:\python\python_dowmload\lib\site-packages\django\template\response.py", line 106, in render
    self.content = self.rendered_content
  File "E:\python\python_dowmload\lib\site-packages\rest_framework\response.py", line 70, in rendered_content
    ret = renderer.render(self.data, accepted_media_type, context)
  File "E:\python\python_dowmload\lib\site-packages\rest_framework\renderers.py", line 723, in render
    template = loader.get_template(self.template)
  File "E:\python\python_dowmload\lib\site-packages\django\template\loader.py", line 19, in get_template
    raise TemplateDoesNotExist(template_name, chain=chain)
django.template.exceptions.TemplateDoesNotExist: rest_framework/api.html
ERROR 2022-02-10 00:47:41,581 basehttp 154 "GET /banner/ HTTP/1.1" 500 90858
INFO 2022-02-10 00:50:17,313 autoreload 578 Watching for file changes with StatReloader
WARNING 2022-02-10 00:50:19,454 log 222 Not Found: /
WARNING 2022-02-10 00:50:19,454 basehttp 154 "GET / HTTP/1.1" 404 2208
INFO 2022-02-10 00:50:25,708 basehttp 154 "GET /banner/ HTTP/1.1" 200 9557
INFO 2022-02-10 00:50:25,771 basehttp 154 "GET /static/rest_framework/css/bootstrap-tweaks.css HTTP/1.1" 200 3385
INFO 2022-02-10 00:50:25,776 basehttp 154 "GET /static/rest_framework/css/default.css HTTP/1.1" 200 1152
INFO 2022-02-10 00:50:25,777 basehttp 154 "GET /static/rest_framework/css/prettify.css HTTP/1.1" 200 817
INFO 2022-02-10 00:50:25,779 basehttp 154 "GET /static/rest_framework/css/bootstrap.min.css HTTP/1.1" 200 121457
INFO 2022-02-10 00:50:25,782 basehttp 154 "GET /static/rest_framework/js/ajax-form.js HTTP/1.1" 200 3597
INFO 2022-02-10 00:50:25,782 basehttp 154 "GET /static/rest_framework/js/csrf.js HTTP/1.1" 200 1719
INFO 2022-02-10 00:50:25,785 basehttp 154 "GET /static/rest_framework/js/jquery-3.5.1.min.js HTTP/1.1" 200 89476
INFO 2022-02-10 00:50:25,786 basehttp 154 "GET /static/rest_framework/js/prettify-min.js HTTP/1.1" 200 13632
INFO 2022-02-10 00:50:25,787 basehttp 154 "GET /static/rest_framework/js/bootstrap.min.js HTTP/1.1" 200 39680
INFO 2022-02-10 00:50:25,787 basehttp 154 "GET /static/rest_framework/js/default.js HTTP/1.1" 200 1268
INFO 2022-02-10 00:50:25,807 basehttp 154 "GET /static/rest_framework/img/grid.png HTTP/1.1" 200 1458
INFO 2022-02-10 00:51:47,735 autoreload 203 F:\全栈学习\后端\python项目\课件\第1章\1\代码\luffy\luffyapi\luffyapi\apps\home\views.py changed, reloading.
INFO 2022-02-10 00:51:48,569 autoreload 578 Watching for file changes with StatReloader
INFO 2022-02-10 00:51:49,260 basehttp 154 "GET /banner/ HTTP/1.1" 200 9557
INFO 2022-02-10 00:51:49,302 basehttp 154 "GET /static/rest_framework/js/jquery-3.5.1.min.js HTTP/1.1" 304 0
INFO 2022-02-10 00:51:49,303 basehttp 154 "GET /static/rest_framework/js/ajax-form.js HTTP/1.1" 304 0
INFO 2022-02-10 00:51:49,306 basehttp 154 "GET /static/rest_framework/js/csrf.js HTTP/1.1" 304 0
INFO 2022-02-10 00:51:49,308 basehttp 154 "GET /static/rest_framework/js/bootstrap.min.js HTTP/1.1" 304 0
INFO 2022-02-10 00:51:49,310 basehttp 154 "GET /static/rest_framework/js/prettify-min.js HTTP/1.1" 304 0
INFO 2022-02-10 00:51:49,311 basehttp 154 "GET /static/rest_framework/js/default.js HTTP/1.1" 304 0
INFO 2022-02-10 00:52:14,719 autoreload 578 Watching for file changes with StatReloader
WARNING 2022-02-10 00:52:18,055 log 222 Not Found: /
WARNING 2022-02-10 00:52:18,056 basehttp 154 "GET / HTTP/1.1" 404 2208
WARNING 2022-02-10 00:52:18,116 log 222 Not Found: /favicon.ico
WARNING 2022-02-10 00:52:18,117 basehttp 154 "GET /favicon.ico HTTP/1.1" 404 2259
INFO 2022-02-10 00:52:21,847 basehttp 154 "GET /banner/ HTTP/1.1" 200 9557
INFO 2022-02-10 01:07:20,760 autoreload 578 Watching for file changes with StatReloader
WARNING 2022-02-10 01:07:23,076 log 222 Not Found: /
WARNING 2022-02-10 01:07:23,078 basehttp 154 "GET / HTTP/1.1" 404 2209
INFO 2022-02-10 01:07:32,456 basehttp 154 "GET /xadmin HTTP/1.1" 301 0
INFO 2022-02-10 01:07:32,559 basehttp 154 "GET /xadmin/ HTTP/1.1" 200 4151
INFO 2022-02-10 01:07:32,683 basehttp 154 "GET /static/xadmin/css/themes/bootstrap-xadmin.css HTTP/1.1" 200 1888
INFO 2022-02-10 01:07:32,685 basehttp 154 "GET /static/xadmin/vendor/bootstrap/css/bootstrap.css HTTP/1.1" 200 126432
INFO 2022-02-10 01:07:32,686 basehttp 154 "GET /static/xadmin/vendor/font-awesome/css/font-awesome.css HTTP/1.1" 200 21658
INFO 2022-02-10 01:07:32,694 basehttp 154 "GET /static/xadmin/css/xadmin.main.css HTTP/1.1" 200 8376
INFO 2022-02-10 01:07:32,700 basehttp 154 "GET /static/xadmin/css/xadmin.plugins.css HTTP/1.1" 200 175
INFO 2022-02-10 01:07:32,709 basehttp 154 "GET /static/xadmin/css/xadmin.responsive.css HTTP/1.1" 200 4361
INFO 2022-02-10 01:07:32,712 basehttp 154 "GET /static/xadmin/vendor/jquery/jquery.js HTTP/1.1" 200 240196
INFO 2022-02-10 01:07:32,752 basehttp 154 "GET /xadmin/jsi18n/ HTTP/1.1" 200 4158
INFO 2022-02-10 01:07:32,758 basehttp 154 "GET /static/xadmin/vendor/jquery-ui/jquery.ui.core.js HTTP/1.1" 200 8195
INFO 2022-02-10 01:07:32,764 basehttp 154 "GET /static/xadmin/vendor/jquery-ui/jquery.ui.widget.js HTTP/1.1" 200 15069
INFO 2022-02-10 01:07:32,770 basehttp 154 "GET /static/xadmin/vendor/jquery-ui/jquery.ui.mouse.js HTTP/1.1" 200 4561
INFO 2022-02-10 01:07:32,774 basehttp 154 "GET /static/xadmin/js/xadmin.main.js HTTP/1.1" 200 3401
INFO 2022-02-10 01:07:32,776 basehttp 154 "GET /static/xadmin/js/xadmin.responsive.js HTTP/1.1" 200 4165
INFO 2022-02-10 01:07:32,776 basehttp 154 "GET /static/xadmin/vendor/jquery-ui/jquery.ui.sortable.js HTTP/1.1" 200 42543
INFO 2022-02-10 01:07:32,778 basehttp 154 "GET /static/xadmin/vendor/bootstrap/js/bootstrap.js HTTP/1.1" 200 58327
INFO 2022-02-10 01:07:32,868 basehttp 154 "GET /static/xadmin/vendor/font-awesome/fonts/fontawesome-webfont.woff?v=4.0.3 HTTP/1.1" 200 44432
INFO 2022-02-10 01:09:58,133 basehttp 154 "POST /xadmin/ HTTP/1.1" 302 0
INFO 2022-02-10 01:09:58,216 basehttp 154 "GET /xadmin/ HTTP/1.1" 200 9819
INFO 2022-02-10 01:09:58,297 basehttp 154 "GET /static/xadmin/vendor/bootstrap/css/bootstrap.css HTTP/1.1" 304 0
INFO 2022-02-10 01:09:58,299 basehttp 154 "GET /static/xadmin/css/themes/bootstrap-xadmin.css HTTP/1.1" 304 0
INFO 2022-02-10 01:09:58,300 basehttp 154 "GET /static/xadmin/vendor/font-awesome/css/font-awesome.css HTTP/1.1" 304 0
INFO 2022-02-10 01:09:58,306 basehttp 154 "GET /static/xadmin/css/xadmin.main.css HTTP/1.1" 304 0
INFO 2022-02-10 01:09:58,310 basehttp 154 "GET /static/xadmin/css/xadmin.plugins.css HTTP/1.1" 304 0
INFO 2022-02-10 01:09:58,319 basehttp 154 "GET /static/xadmin/css/xadmin.responsive.css HTTP/1.1" 304 0
INFO 2022-02-10 01:09:58,322 basehttp 154 "GET /static/xadmin/css/xadmin.page.dashboard.css HTTP/1.1" 200 790
INFO 2022-02-10 01:09:58,326 basehttp 154 "GET /static/xadmin/vendor/jquery/jquery.js HTTP/1.1" 304 0
INFO 2022-02-10 01:09:58,333 basehttp 154 "GET /static/xadmin/vendor/jquery-ui/jquery.ui.core.js HTTP/1.1" 304 0
INFO 2022-02-10 01:09:58,350 basehttp 154 "GET /static/xadmin/vendor/jquery-ui/jquery.ui.widget.js HTTP/1.1" 304 0
INFO 2022-02-10 01:09:58,358 basehttp 154 "GET /static/xadmin/vendor/jquery-ui/jquery.ui.mouse.js HTTP/1.1" 304 0
INFO 2022-02-10 01:09:58,364 basehttp 154 "GET /static/xadmin/vendor/jquery-ui/jquery.ui.sortable.js HTTP/1.1" 304 0
INFO 2022-02-10 01:09:58,367 basehttp 154 "GET /static/xadmin/vendor/bootstrap/js/bootstrap.js HTTP/1.1" 304 0
INFO 2022-02-10 01:09:58,367 basehttp 154 "GET /xadmin/jsi18n/ HTTP/1.1" 200 7722
INFO 2022-02-10 01:09:58,376 basehttp 154 "GET /static/xadmin/js/xadmin.main.js HTTP/1.1" 304 0
INFO 2022-02-10 01:09:58,380 basehttp 154 "GET /static/xadmin/js/xadmin.responsive.js HTTP/1.1" 304 0
INFO 2022-02-10 01:09:58,382 basehttp 154 "GET /static/xadmin/js/xadmin.page.dashboard.js HTTP/1.1" 200 3208
INFO 2022-02-10 01:09:58,383 basehttp 154 "GET /static/xadmin/js/xadmin.plugin.portal.js HTTP/1.1" 200 1000
INFO 2022-02-10 01:10:08,122 basehttp 154 "GET /xadmin/auth/user/ HTTP/1.1" 200 29378
INFO 2022-02-10 01:10:08,219 basehttp 154 "GET /static/xadmin/css/xadmin.form.css HTTP/1.1" 200 3763
INFO 2022-02-10 01:10:08,255 basehttp 154 "GET /xadmin/jsi18n/ HTTP/1.1" 200 7722
INFO 2022-02-10 01:10:08,279 basehttp 154 "GET /static/xadmin/js/xadmin.plugin.details.js HTTP/1.1" 200 2319
INFO 2022-02-10 01:10:08,286 basehttp 154 "GET /static/xadmin/js/xadmin.plugin.bookmark.js HTTP/1.1" 200 529
INFO 2022-02-10 01:10:08,287 basehttp 154 "GET /static/xadmin/js/xadmin.plugin.filters.js HTTP/1.1" 200 1990
INFO 2022-02-10 01:10:08,297 basehttp 154 "GET /static/xadmin/js/xadmin.plugin.actions.js HTTP/1.1" 200 4198
INFO 2022-02-10 01:10:08,300 basehttp 154 "GET /static/xadmin/js/xadmin.page.list.js HTTP/1.1" 200 1105
INFO 2022-02-10 01:10:08,311 basehttp 154 "GET /static/xadmin/js/xadmin.page.form.js HTTP/1.1" 200 1948
INFO 2022-02-10 01:17:08,081 autoreload 578 Watching for file changes with StatReloader
WARNING 2022-02-10 01:17:10,481 log 222 Not Found: /
WARNING 2022-02-10 01:17:10,482 basehttp 154 "GET / HTTP/1.1" 404 2209
INFO 2022-02-10 01:17:20,014 basehttp 154 "GET /xadmin/ HTTP/1.1" 200 14350
INFO 2022-02-10 01:17:20,083 basehttp 154 "GET /static/xadmin/vendor/bootstrap/css/bootstrap.css HTTP/1.1" 304 0
INFO 2022-02-10 01:17:20,087 basehttp 154 "GET /static/xadmin/css/themes/bootstrap-xadmin.css HTTP/1.1" 304 0
INFO 2022-02-10 01:17:20,089 basehttp 154 "GET /static/xadmin/vendor/font-awesome/css/font-awesome.css HTTP/1.1" 304 0
INFO 2022-02-10 01:17:20,094 basehttp 154 "GET /static/xadmin/css/xadmin.main.css HTTP/1.1" 304 0
INFO 2022-02-10 01:17:20,101 basehttp 154 "GET /static/xadmin/css/xadmin.plugins.css HTTP/1.1" 304 0
INFO 2022-02-10 01:17:20,113 basehttp 154 "GET /static/xadmin/vendor/jquery/jquery.js HTTP/1.1" 304 0
INFO 2022-02-10 01:17:20,114 basehttp 154 "GET /static/xadmin/css/xadmin.responsive.css HTTP/1.1" 304 0
INFO 2022-02-10 01:17:20,115 basehttp 154 "GET /static/xadmin/css/xadmin.page.dashboard.css HTTP/1.1" 304 0
INFO 2022-02-10 01:17:20,129 basehttp 154 "GET /xadmin/jsi18n/ HTTP/1.1" 200 7722
INFO 2022-02-10 01:17:20,133 basehttp 154 "GET /static/xadmin/vendor/jquery-ui/jquery.ui.core.js HTTP/1.1" 304 0
INFO 2022-02-10 01:17:20,136 basehttp 154 "GET /static/xadmin/vendor/jquery-ui/jquery.ui.mouse.js HTTP/1.1" 304 0
INFO 2022-02-10 01:17:20,137 basehttp 154 "GET /static/xadmin/vendor/jquery-ui/jquery.ui.widget.js HTTP/1.1" 304 0
INFO 2022-02-10 01:17:20,139 basehttp 154 "GET /static/xadmin/vendor/jquery-ui/jquery.ui.sortable.js HTTP/1.1" 304 0
INFO 2022-02-10 01:17:20,143 basehttp 154 "GET /static/xadmin/js/xadmin.main.js HTTP/1.1" 304 0
INFO 2022-02-10 01:17:20,144 basehttp 154 "GET /static/xadmin/vendor/bootstrap/js/bootstrap.js HTTP/1.1" 304 0
INFO 2022-02-10 01:17:20,147 basehttp 154 "GET /static/xadmin/js/xadmin.responsive.js HTTP/1.1" 304 0
INFO 2022-02-10 01:17:20,149 basehttp 154 "GET /static/xadmin/vendor/jquery-ui/jquery.ui.effect.js HTTP/1.1" 200 31918
INFO 2022-02-10 01:17:20,151 basehttp 154 "GET /static/xadmin/js/xadmin.page.dashboard.js HTTP/1.1" 304 0
INFO 2022-02-10 01:17:20,155 basehttp 154 "GET /static/xadmin/js/xadmin.plugin.portal.js HTTP/1.1" 304 0
INFO 2022-02-10 01:17:20,159 basehttp 154 "GET /static/xadmin/js/xadmin.plugin.themes.js HTTP/1.1" 200 3489
INFO 2022-02-10 01:17:20,214 basehttp 154 "GET /static/xadmin/vendor/font-awesome/fonts/fontawesome-webfont.woff?v=4.0.3 HTTP/1.1" 304 0
INFO 2022-02-10 01:17:37,368 basehttp 154 "GET /xadmin/home/banner/ HTTP/1.1" 200 24031
INFO 2022-02-10 01:17:37,452 basehttp 154 "GET /static/xadmin/css/xadmin.form.css HTTP/1.1" 304 0
INFO 2022-02-10 01:17:37,469 basehttp 154 "GET /xadmin/jsi18n/ HTTP/1.1" 200 7722
INFO 2022-02-10 01:17:37,503 basehttp 154 "GET /static/xadmin/js/xadmin.plugin.details.js HTTP/1.1" 304 0
INFO 2022-02-10 01:17:37,504 basehttp 154 "GET /static/xadmin/js/xadmin.plugin.bookmark.js HTTP/1.1" 304 0
INFO 2022-02-10 01:17:37,506 basehttp 154 "GET /static/xadmin/js/xadmin.plugin.filters.js HTTP/1.1" 304 0
INFO 2022-02-10 01:17:37,509 basehttp 154 "GET /static/xadmin/js/xadmin.page.list.js HTTP/1.1" 304 0
INFO 2022-02-10 01:17:37,531 basehttp 154 "GET /static/xadmin/js/xadmin.page.form.js HTTP/1.1" 304 0
INFO 2022-02-10 01:18:25,003 basehttp 154 "GET /xadmin/home/banner/add/ HTTP/1.1" 200 19746
INFO 2022-02-10 01:18:25,102 basehttp 154 "GET /static/xadmin/vendor/bootstrap-image-gallery/css/bootstrap-image-gallery.css HTTP/1.1" 200 3339
INFO 2022-02-10 01:18:25,130 basehttp 154 "GET /xadmin/jsi18n/ HTTP/1.1" 200 7722
INFO 2022-02-10 01:18:25,152 basehttp 154 "GET /static/xadmin/vendor/load-image/load-image.js HTTP/1.1" 200 8309
INFO 2022-02-10 01:18:25,176 basehttp 154 "GET /static/xadmin/vendor/bootstrap-image-gallery/js/bootstrap-image-gallery.js HTTP/1.1" 200 15611
INFO 2022-02-10 01:22:44,037 basehttp 154 "POST /xadmin/home/banner/add/ HTTP/1.1" 302 0
INFO 2022-02-10 01:22:44,142 basehttp 154 "GET /xadmin/home/banner/ HTTP/1.1" 200 28046
INFO 2022-02-10 01:22:44,266 basehttp 154 "GET /static/xadmin/vendor/bootstrap/css/bootstrap.css HTTP/1.1" 304 0
INFO 2022-02-10 01:22:44,276 basehttp 154 "GET /static/xadmin/vendor/font-awesome/css/font-awesome.css HTTP/1.1" 304 0
INFO 2022-02-10 01:22:44,277 basehttp 154 "GET /static/xadmin/css/themes/bootstrap-xadmin.css HTTP/1.1" 304 0
INFO 2022-02-10 01:22:44,307 basehttp 154 "GET /static/xadmin/css/xadmin.main.css HTTP/1.1" 304 0
INFO 2022-02-10 01:22:44,312 basehttp 154 "GET /static/xadmin/css/xadmin.plugins.css HTTP/1.1" 304 0
INFO 2022-02-10 01:22:44,320 basehttp 154 "GET /static/xadmin/vendor/jquery/jquery.js HTTP/1.1" 304 0
INFO 2022-02-10 01:22:44,339 basehttp 154 "GET /static/xadmin/css/xadmin.responsive.css HTTP/1.1" 304 0
INFO 2022-02-10 01:22:44,364 basehttp 154 "GET /static/xadmin/vendor/jquery-ui/jquery.ui.core.js HTTP/1.1" 304 0
INFO 2022-02-10 01:22:44,365 basehttp 154 "GET /static/xadmin/vendor/jquery-ui/jquery.ui.widget.js HTTP/1.1" 304 0
INFO 2022-02-10 01:22:44,380 basehttp 154 "GET /xadmin/jsi18n/ HTTP/1.1" 200 7722
INFO 2022-02-10 01:22:44,381 basehttp 154 "GET /static/xadmin/vendor/jquery-ui/jquery.ui.mouse.js HTTP/1.1" 304 0
INFO 2022-02-10 01:22:44,382 basehttp 154 "GET /static/xadmin/css/xadmin.form.css HTTP/1.1" 304 0
INFO 2022-02-10 01:22:44,388 basehttp 154 "GET /static/xadmin/js/xadmin.main.js HTTP/1.1" 304 0
INFO 2022-02-10 01:22:44,388 basehttp 154 "GET /static/xadmin/vendor/jquery-ui/jquery.ui.sortable.js HTTP/1.1" 304 0
INFO 2022-02-10 01:22:44,392 basehttp 154 "GET /static/xadmin/vendor/bootstrap/js/bootstrap.js HTTP/1.1" 304 0
INFO 2022-02-10 01:22:44,397 basehttp 154 "GET /static/xadmin/js/xadmin.plugin.details.js HTTP/1.1" 304 0
INFO 2022-02-10 01:22:44,397 basehttp 154 "GET /static/xadmin/js/xadmin.responsive.js HTTP/1.1" 304 0
INFO 2022-02-10 01:22:44,399 basehttp 154 "GET /static/xadmin/vendor/jquery-ui/jquery.ui.effect.js HTTP/1.1" 304 0
INFO 2022-02-10 01:22:44,404 basehttp 154 "GET /static/xadmin/js/xadmin.plugin.bookmark.js HTTP/1.1" 304 0
INFO 2022-02-10 01:22:44,407 basehttp 154 "GET /static/xadmin/js/xadmin.plugin.filters.js HTTP/1.1" 304 0
INFO 2022-02-10 01:22:44,417 basehttp 154 "GET /static/xadmin/js/xadmin.plugin.actions.js HTTP/1.1" 304 0
INFO 2022-02-10 01:22:44,420 basehttp 154 "GET /static/xadmin/js/xadmin.page.list.js HTTP/1.1" 304 0
INFO 2022-02-10 01:22:44,423 basehttp 154 "GET /static/xadmin/js/xadmin.plugin.themes.js HTTP/1.1" 304 0
INFO 2022-02-10 01:22:44,427 basehttp 154 "GET /static/xadmin/js/xadmin.page.form.js HTTP/1.1" 304 0
INFO 2022-02-10 01:22:48,151 basehttp 154 "GET /xadmin/home/banner/add/ HTTP/1.1" 200 19746
INFO 2022-02-10 01:22:48,313 basehttp 154 "GET /static/xadmin/vendor/bootstrap-image-gallery/css/bootstrap-image-gallery.css HTTP/1.1" 304 0
INFO 2022-02-10 01:22:48,323 basehttp 154 "GET /xadmin/jsi18n/ HTTP/1.1" 200 7722
INFO 2022-02-10 01:22:48,387 basehttp 154 "GET /static/xadmin/vendor/load-image/load-image.js HTTP/1.1" 304 0
INFO 2022-02-10 01:22:48,392 basehttp 154 "GET /static/xadmin/js/xadmin.plugin.portal.js HTTP/1.1" 304 0
INFO 2022-02-10 01:22:48,417 basehttp 154 "GET /static/xadmin/vendor/bootstrap-image-gallery/js/bootstrap-image-gallery.js HTTP/1.1" 304 0
INFO 2022-02-10 01:23:17,451 basehttp 154 "POST /xadmin/home/banner/add/ HTTP/1.1" 302 0
INFO 2022-02-10 01:23:17,601 basehttp 154 "GET /xadmin/home/banner/ HTTP/1.1" 200 28631
INFO 2022-02-10 01:23:17,724 basehttp 154 "GET /xadmin/jsi18n/ HTTP/1.1" 200 7722
WARNING 2022-02-10 01:23:56,819 log 222 Not Found: /
WARNING 2022-02-10 01:23:56,820 basehttp 154 "GET / HTTP/1.1" 404 2209
INFO 2022-02-10 01:24:07,813 basehttp 154 "GET /banner/ HTTP/1.1" 200 9590
INFO 2022-02-10 01:24:42,687 basehttp 154 "GET /xadmin/home/banner/2/update/ HTTP/1.1" 200 20272
INFO 2022-02-10 01:24:42,794 basehttp 154 "GET /xadmin/jsi18n/ HTTP/1.1" 200 7722
INFO 2022-02-10 01:24:42,803 basehttp 154 "GET /media/banner/c2700288ee986bd05275fc6d199f1892.jpeg HTTP/1.1" 200 17591
INFO 2022-02-10 01:24:45,940 basehttp 154 "POST /xadmin/home/banner/2/update/ HTTP/1.1" 302 0
INFO 2022-02-10 01:24:46,089 basehttp 154 "GET /xadmin/home/banner/ HTTP/1.1" 200 28569
INFO 2022-02-10 01:24:46,224 basehttp 154 "GET /xadmin/jsi18n/ HTTP/1.1" 200 7722
INFO 2022-02-10 01:24:47,796 basehttp 154 "GET /xadmin/home/banner/1/update/ HTTP/1.1" 200 20277
INFO 2022-02-10 01:24:47,906 basehttp 154 "GET /xadmin/jsi18n/ HTTP/1.1" 200 7722
INFO 2022-02-10 01:24:47,915 basehttp 154 "GET /media/banner/a78b92f923798a2d78ef08b656d5ffb9.jpeg HTTP/1.1" 200 31556
INFO 2022-02-10 01:24:50,569 basehttp 154 "POST /xadmin/home/banner/1/update/ HTTP/1.1" 302 0
INFO 2022-02-10 01:24:50,713 basehttp 154 "GET /xadmin/home/banner/ HTTP/1.1" 200 28570
INFO 2022-02-10 01:24:50,834 basehttp 154 "GET /xadmin/jsi18n/ HTTP/1.1" 200 7722
INFO 2022-02-10 01:24:53,183 basehttp 154 "GET /banner/ HTTP/1.1" 200 10286
INFO 2022-02-10 01:24:53,236 basehttp 154 "GET /static/rest_framework/js/jquery-3.5.1.min.js HTTP/1.1" 304 0
INFO 2022-02-10 01:24:53,241 basehttp 154 "GET /static/rest_framework/js/ajax-form.js HTTP/1.1" 304 0
INFO 2022-02-10 01:24:53,243 basehttp 154 "GET /static/rest_framework/js/csrf.js HTTP/1.1" 304 0
INFO 2022-02-10 01:24:53,249 basehttp 154 "GET /static/rest_framework/js/bootstrap.min.js HTTP/1.1" 304 0
INFO 2022-02-10 01:24:53,258 basehttp 154 "GET /static/rest_framework/js/prettify-min.js HTTP/1.1" 304 0
INFO 2022-02-10 01:24:53,267 basehttp 154 "GET /static/rest_framework/js/default.js HTTP/1.1" 304 0
WARNING 2022-02-10 01:24:53,310 log 222 Not Found: /favicon.ico
INFO 2022-02-10 10:42:57,026 autoreload 578 Watching for file changes with StatReloader
ERROR 2022-02-10 10:43:04,990 exception 75 Invalid HTTP_HOST header: '127.0.0.1:8000'. You may need to add '127.0.0.1' to ALLOWED_HOSTS.
WARNING 2022-02-10 10:43:05,069 log 222 Bad Request: /
WARNING 2022-02-10 10:43:05,069 basehttp 154 "GET / HTTP/1.1" 400 74890
INFO 2022-02-10 10:47:36,250 autoreload 203 F:\全栈学习\后端\python项目\vue_project\luffyapi\luffyapi\wsgi.py changed, reloading.
INFO 2022-02-10 10:47:37,914 autoreload 578 Watching for file changes with StatReloader
INFO 2022-02-10 10:49:22,529 autoreload 578 Watching for file changes with StatReloader
WARNING 2022-02-10 10:49:24,876 log 222 Not Found: /
WARNING 2022-02-10 10:49:24,886 basehttp 154 "GET / HTTP/1.1" 404 2209
INFO 2022-02-10 10:49:32,572 basehttp 154 "GET /banner/ HTTP/1.1" 200 10286
INFO 2022-02-10 10:49:45,453 basehttp 154 "GET /xadmin/ HTTP/1.1" 200 14350
INFO 2022-02-10 10:49:45,513 basehttp 154 "GET /static/xadmin/vendor/bootstrap/css/bootstrap.css HTTP/1.1" 304 0
INFO 2022-02-10 10:49:45,513 basehttp 154 "GET /static/xadmin/css/themes/bootstrap-xadmin.css HTTP/1.1" 304 0
INFO 2022-02-10 10:49:45,523 basehttp 154 "GET /static/xadmin/vendor/font-awesome/css/font-awesome.css HTTP/1.1" 304 0
INFO 2022-02-10 10:49:45,523 basehttp 154 "GET /static/xadmin/css/xadmin.main.css HTTP/1.1" 304 0
INFO 2022-02-10 10:49:45,533 basehttp 154 "GET /static/xadmin/css/xadmin.plugins.css HTTP/1.1" 304 0
INFO 2022-02-10 10:49:45,533 basehttp 154 "GET /static/xadmin/css/xadmin.responsive.css HTTP/1.1" 304 0
INFO 2022-02-10 10:49:45,543 basehttp 154 "GET /static/xadmin/css/xadmin.page.dashboard.css HTTP/1.1" 304 0
INFO 2022-02-10 10:49:45,553 basehttp 154 "GET /xadmin/jsi18n/ HTTP/1.1" 200 7722
INFO 2022-02-10 10:49:45,553 basehttp 154 "GET /static/xadmin/vendor/jquery/jquery.js HTTP/1.1" 304 0
INFO 2022-02-10 10:49:45,553 basehttp 154 "GET /static/xadmin/vendor/jquery-ui/jquery.ui.core.js HTTP/1.1" 304 0
INFO 2022-02-10 10:49:45,553 basehttp 154 "GET /static/xadmin/vendor/jquery-ui/jquery.ui.widget.js HTTP/1.1" 304 0
INFO 2022-02-10 10:49:45,563 basehttp 154 "GET /static/xadmin/vendor/jquery-ui/jquery.ui.mouse.js HTTP/1.1" 304 0
INFO 2022-02-10 10:49:45,563 basehttp 154 "GET /static/xadmin/vendor/jquery-ui/jquery.ui.sortable.js HTTP/1.1" 304 0
INFO 2022-02-10 10:49:45,563 basehttp 154 "GET /static/xadmin/vendor/bootstrap/js/bootstrap.js HTTP/1.1" 304 0
INFO 2022-02-10 10:49:45,575 basehttp 154 "GET /static/xadmin/js/xadmin.main.js HTTP/1.1" 304 0
INFO 2022-02-10 10:49:45,578 basehttp 154 "GET /static/xadmin/js/xadmin.responsive.js HTTP/1.1" 304 0
INFO 2022-02-10 10:49:45,580 basehttp 154 "GET /static/xadmin/vendor/jquery-ui/jquery.ui.effect.js HTTP/1.1" 304 0
INFO 2022-02-10 10:49:45,584 basehttp 154 "GET /static/xadmin/js/xadmin.page.dashboard.js HTTP/1.1" 304 0
INFO 2022-02-10 10:49:45,585 basehttp 154 "GET /static/xadmin/js/xadmin.plugin.portal.js HTTP/1.1" 304 0
INFO 2022-02-10 10:49:45,589 basehttp 154 "GET /static/xadmin/js/xadmin.plugin.themes.js HTTP/1.1" 304 0
INFO 2022-02-10 10:49:45,612 basehttp 154 "GET /static/xadmin/vendor/font-awesome/fonts/fontawesome-webfont.woff?v=4.0.3 HTTP/1.1" 304 0
INFO 2022-02-10 10:49:49,817 basehttp 154 "GET /xadmin/home/banner/ HTTP/1.1" 200 28335
INFO 2022-02-10 10:49:49,861 basehttp 154 "GET /static/xadmin/css/xadmin.form.css HTTP/1.1" 200 3763
INFO 2022-02-10 10:49:49,889 basehttp 154 "GET /static/xadmin/js/xadmin.plugin.details.js HTTP/1.1" 304 0
INFO 2022-02-10 10:49:49,892 basehttp 154 "GET /static/xadmin/js/xadmin.plugin.bookmark.js HTTP/1.1" 200 529
INFO 2022-02-10 10:49:49,896 basehttp 154 "GET /xadmin/jsi18n/ HTTP/1.1" 200 7722
INFO 2022-02-10 10:49:49,908 basehttp 154 "GET /static/xadmin/js/xadmin.plugin.filters.js HTTP/1.1" 304 0
INFO 2022-02-10 10:49:49,908 basehttp 154 "GET /static/xadmin/js/xadmin.plugin.actions.js HTTP/1.1" 304 0
INFO 2022-02-10 10:49:49,913 basehttp 154 "GET /static/xadmin/js/xadmin.page.list.js HTTP/1.1" 304 0
INFO 2022-02-10 10:49:49,913 basehttp 154 "GET /static/xadmin/js/xadmin.page.form.js HTTP/1.1" 304 0
INFO 2022-02-10 10:56:16,165 autoreload 203 F:\全栈学习\后端\python项目\vue_project\luffyapi\luffyapi\__init__.py changed, reloading.
INFO 2022-02-10 11:01:57,702 autoreload 578 Watching for file changes with StatReloader
WARNING 2022-02-10 11:01:59,673 log 222 Not Found: /
WARNING 2022-02-10 11:01:59,673 basehttp 154 "GET / HTTP/1.1" 404 2209
INFO 2022-02-10 11:02:07,499 basehttp 154 "GET /banner/ HTTP/1.1" 200 10286
INFO 2022-02-10 14:03:25,177 autoreload 578 Watching for file changes with StatReloader
WARNING 2022-02-10 14:03:28,492 log 222 Not Found: /
WARNING 2022-02-10 14:03:28,493 basehttp 154 "GET / HTTP/1.1" 404 2209
WARNING 2022-02-10 14:03:28,603 log 222 Not Found: /favicon.ico
INFO 2022-02-10 14:03:38,046 basehttp 154 "GET /banner/ HTTP/1.1" 200 10286
INFO 2022-02-10 14:14:24,656 autoreload 578 Watching for file changes with StatReloader
WARNING 2022-02-10 14:14:27,009 log 222 Not Found: /
WARNING 2022-02-10 14:14:27,010 basehttp 154 "GET / HTTP/1.1" 404 2209
INFO 2022-02-10 14:14:33,612 basehttp 154 "GET /banner/ HTTP/1.1" 200 10286
INFO 2022-02-10 15:16:08,971 basehttp 154 "GET /banner/ HTTP/1.1" 200 246
INFO 2022-02-10 15:19:13,210 autoreload 203 F:\全栈学习\后端\python项目\shop_project\luffyapi\luffyapi\settings\dev.py changed, reloading.
INFO 2022-02-10 15:19:16,276 autoreload 578 Watching for file changes with StatReloader
INFO 2022-02-10 15:20:11,155 autoreload 203 F:\全栈学习\后端\python项目\shop_project\luffyapi\luffyapi\settings\dev.py changed, reloading.
INFO 2022-02-10 15:20:12,839 autoreload 578 Watching for file changes with StatReloader
ERROR 2022-02-10 15:21:15,151 exception 75 Invalid HTTP_HOST header: 'api.luffycity.cn:8000'. You may need to add 'api.luffycity.cn' to ALLOWED_HOSTS.
WARNING 2022-02-10 15:21:15,204 log 222 Bad Request: /banner/
WARNING 2022-02-10 15:21:15,205 basehttp 154 "GET /banner/ HTTP/1.1" 400 74323
INFO 2022-02-10 15:21:51,048 autoreload 578 Watching for file changes with StatReloader
ERROR 2022-02-10 15:21:58,407 exception 75 Invalid HTTP_HOST header: 'api.luffycity.cn:8000'. You may need to add 'api.luffycity.cn' to ALLOWED_HOSTS.
WARNING 2022-02-10 15:21:58,454 log 222 Bad Request: /
WARNING 2022-02-10 15:21:58,455 basehttp 154 "GET / HTTP/1.1" 400 74765
ERROR 2022-02-10 15:23:45,068 exception 75 Invalid HTTP_HOST header: 'api.luffycity.cn:8000'. You may need to add 'api.luffycity.cn' to ALLOWED_HOSTS.
WARNING 2022-02-10 15:23:45,094 log 222 Bad Request: /
WARNING 2022-02-10 15:23:45,094 basehttp 154 "GET / HTTP/1.1" 400 74900
INFO 2022-02-10 15:23:45,689 autoreload 203 F:\全栈学习\后端\python项目\shop_project\luffyapi\luffyapi\settings\dev.py changed, reloading.
INFO 2022-02-10 15:23:47,404 autoreload 578 Watching for file changes with StatReloader
WARNING 2022-02-10 15:23:47,955 log 222 Not Found: /
WARNING 2022-02-10 15:23:47,956 basehttp 154 "GET / HTTP/1.1" 404 2209
INFO 2022-02-10 15:23:57,347 autoreload 578 Watching for file changes with StatReloader
WARNING 2022-02-10 15:24:00,803 log 222 Not Found: /
WARNING 2022-02-10 15:24:00,803 basehttp 154 "GET / HTTP/1.1" 404 2209
INFO 2022-02-10 15:24:09,760 basehttp 154 "GET /banner/ HTTP/1.1" 200 246
INFO 2022-02-10 15:25:25,802 basehttp 154 "GET /banner/ HTTP/1.1" 200 246
INFO 2022-02-10 15:34:41,958 autoreload 203 F:\全栈学习\后端\python项目\shop_project\luffyapi\luffyapi\settings\dev.py changed, reloading.
INFO 2022-02-10 15:34:45,441 autoreload 578 Watching for file changes with StatReloader
INFO 2022-02-10 15:36:11,846 autoreload 203 F:\全栈学习\后端\python项目\shop_project\luffyapi\luffyapi\settings\dev.py changed, reloading.
INFO 2022-02-10 15:36:13,694 autoreload 578 Watching for file changes with StatReloader
INFO 2022-02-10 15:36:40,029 autoreload 203 F:\全栈学习\后端\python项目\shop_project\luffyapi\luffyapi\settings\dev.py changed, reloading.
INFO 2022-02-10 15:36:42,430 autoreload 578 Watching for file changes with StatReloader
INFO 2022-02-10 15:38:50,159 autoreload 578 Watching for file changes with StatReloader
INFO 2022-02-10 15:40:19,638 autoreload 578 Watching for file changes with StatReloader
INFO 2022-02-10 15:42:07,162 autoreload 578 Watching for file changes with StatReloader
INFO 2022-02-10 15:42:26,344 autoreload 578 Watching for file changes with StatReloader
WARNING 2022-02-10 15:42:31,467 log 222 Not Found: /
WARNING 2022-02-10 15:42:31,468 basehttp 154 "GET / HTTP/1.1" 404 2209
INFO 2022-02-10 15:42:50,532 basehttp 154 "GET /banner/ HTTP/1.1" 200 246
INFO 2022-02-10 15:45:12,186 autoreload 578 Watching for file changes with StatReloader
WARNING 2022-02-10 15:45:16,131 log 222 Not Found: /
WARNING 2022-02-10 15:45:16,132 basehttp 154 "GET / HTTP/1.1" 404 2209
INFO 2022-02-10 15:45:35,615 basehttp 154 "GET /banner/ HTTP/1.1" 200 246
INFO 2022-02-10 15:45:35,666 basehttp 154 "GET /media/banner/c2700288ee986bd05275fc6d199f1892.jpeg HTTP/1.1" 304 0
INFO 2022-02-10 15:45:35,666 basehttp 154 "GET /media/banner/a78b92f923798a2d78ef08b656d5ffb9.jpeg HTTP/1.1" 304 0
INFO 2022-02-10 15:46:37,299 basehttp 154 "GET /banner/ HTTP/1.1" 200 246
INFO 2022-02-10 15:46:37,347 basehttp 154 "GET /media/banner/c2700288ee986bd05275fc6d199f1892.jpeg HTTP/1.1" 200 17591
INFO 2022-02-10 15:46:37,347 basehttp 154 "GET /media/banner/a78b92f923798a2d78ef08b656d5ffb9.jpeg HTTP/1.1" 200 31556
INFO 2022-02-10 16:31:32,135 autoreload 203 F:\全栈学习\后端\python项目\shop_project\luffyapi\luffyapi\apps\home\models.py changed, reloading.
INFO 2022-02-10 16:31:34,969 autoreload 578 Watching for file changes with StatReloader
INFO 2022-02-10 16:57:57,424 autoreload 578 Watching for file changes with StatReloader
INFO 2022-02-10 17:01:48,236 autoreload 578 Watching for file changes with StatReloader
WARNING 2022-02-10 17:01:50,519 log 222 Not Found: /
WARNING 2022-02-10 17:01:50,520 basehttp 154 "GET / HTTP/1.1" 404 2525
INFO 2022-02-10 17:02:04,039 basehttp 154 "GET /nav/footer HTTP/1.1" 301 0
INFO 2022-02-10 17:02:04,125 basehttp 154 "GET /nav/footer/ HTTP/1.1" 200 9667
INFO 2022-02-10 17:03:11,416 basehttp 154 "GET /nav/header/ HTTP/1.1" 200 9667
INFO 2022-02-10 17:04:43,608 autoreload 203 F:\全栈学习\后端\python项目\shop_project\luffyapi\luffyapi\apps\home\adminx.py changed, reloading.
INFO 2022-02-10 17:04:45,452 autoreload 578 Watching for file changes with StatReloader
INFO 2022-02-10 17:05:18,640 autoreload 203 F:\全栈学习\后端\python项目\shop_project\luffyapi\luffyapi\apps\home\adminx.py changed, reloading.
INFO 2022-02-10 17:05:20,442 autoreload 578 Watching for file changes with StatReloader
WARNING 2022-02-10 17:06:04,020 log 222 Not Found: /
WARNING 2022-02-10 17:06:04,021 basehttp 154 "GET / HTTP/1.1" 404 2525
WARNING 2022-02-10 17:06:04,112 log 222 Not Found: /favicon.ico
INFO 2022-02-10 17:06:16,957 basehttp 154 "GET /xadmin/ HTTP/1.1" 200 14773
INFO 2022-02-10 17:06:17,026 basehttp 154 "GET /static/xadmin/vendor/bootstrap/css/bootstrap.css HTTP/1.1" 304 0
INFO 2022-02-10 17:06:17,026 basehttp 154 "GET /static/xadmin/css/themes/bootstrap-xadmin.css HTTP/1.1" 304 0
INFO 2022-02-10 17:06:17,031 basehttp 154 "GET /static/xadmin/vendor/font-awesome/css/font-awesome.css HTTP/1.1" 304 0
INFO 2022-02-10 17:06:17,038 basehttp 154 "GET /static/xadmin/css/xadmin.main.css HTTP/1.1" 304 0
INFO 2022-02-10 17:06:17,040 basehttp 154 "GET /static/xadmin/css/xadmin.plugins.css HTTP/1.1" 304 0
INFO 2022-02-10 17:06:17,046 basehttp 154 "GET /static/xadmin/css/xadmin.responsive.css HTTP/1.1" 304 0
INFO 2022-02-10 17:06:17,054 basehttp 154 "GET /xadmin/jsi18n/ HTTP/1.1" 200 7722
INFO 2022-02-10 17:06:17,056 basehttp 154 "GET /static/xadmin/css/xadmin.page.dashboard.css HTTP/1.1" 304 0
INFO 2022-02-10 17:06:17,059 basehttp 154 "GET /static/xadmin/vendor/jquery/jquery.js HTTP/1.1" 304 0
INFO 2022-02-10 17:06:17,073 basehttp 154 "GET /static/xadmin/vendor/jquery-ui/jquery.ui.core.js HTTP/1.1" 304 0
INFO 2022-02-10 17:06:17,079 basehttp 154 "GET /static/xadmin/vendor/jquery-ui/jquery.ui.widget.js HTTP/1.1" 304 0
INFO 2022-02-10 17:06:17,087 basehttp 154 "GET /static/xadmin/vendor/jquery-ui/jquery.ui.mouse.js HTTP/1.1" 304 0
INFO 2022-02-10 17:06:17,089 basehttp 154 "GET /static/xadmin/vendor/jquery-ui/jquery.ui.sortable.js HTTP/1.1" 304 0
INFO 2022-02-10 17:06:17,093 basehttp 154 "GET /static/xadmin/vendor/bootstrap/js/bootstrap.js HTTP/1.1" 304 0
INFO 2022-02-10 17:06:17,104 basehttp 154 "GET /static/xadmin/js/xadmin.responsive.js HTTP/1.1" 304 0
INFO 2022-02-10 17:06:17,104 basehttp 154 "GET /static/xadmin/vendor/jquery-ui/jquery.ui.effect.js HTTP/1.1" 304 0
INFO 2022-02-10 17:06:17,104 basehttp 154 "GET /static/xadmin/js/xadmin.main.js HTTP/1.1" 304 0
INFO 2022-02-10 17:06:17,108 basehttp 154 "GET /static/xadmin/js/xadmin.page.dashboard.js HTTP/1.1" 304 0
INFO 2022-02-10 17:06:17,116 basehttp 154 "GET /static/xadmin/js/xadmin.plugin.portal.js HTTP/1.1" 304 0
INFO 2022-02-10 17:06:17,118 basehttp 154 "GET /static/xadmin/js/xadmin.plugin.themes.js HTTP/1.1" 304 0
INFO 2022-02-10 17:06:17,166 basehttp 154 "GET /static/xadmin/vendor/font-awesome/fonts/fontawesome-webfont.woff?v=4.0.3 HTTP/1.1" 304 0
INFO 2022-02-10 17:06:20,355 basehttp 154 "GET /xadmin/home/nav/ HTTP/1.1" 200 24863
INFO 2022-02-10 17:06:20,400 basehttp 154 "GET /static/xadmin/css/xadmin.form.css HTTP/1.1" 304 0
INFO 2022-02-10 17:06:20,416 basehttp 154 "GET /xadmin/jsi18n/ HTTP/1.1" 200 7722
INFO 2022-02-10 17:06:20,439 basehttp 154 "GET /static/xadmin/js/xadmin.plugin.details.js HTTP/1.1" 304 0
INFO 2022-02-10 17:06:20,446 basehttp 154 "GET /static/xadmin/js/xadmin.plugin.bookmark.js HTTP/1.1" 304 0
INFO 2022-02-10 17:06:20,448 basehttp 154 "GET /static/xadmin/js/xadmin.plugin.filters.js HTTP/1.1" 304 0
INFO 2022-02-10 17:06:20,449 basehttp 154 "GET /static/xadmin/js/xadmin.page.list.js HTTP/1.1" 304 0
INFO 2022-02-10 17:06:20,457 basehttp 154 "GET /static/xadmin/js/xadmin.page.form.js HTTP/1.1" 304 0
INFO 2022-02-10 17:06:22,524 basehttp 154 "GET /xadmin/home/nav/add/ HTTP/1.1" 200 19152
INFO 2022-02-10 17:06:22,571 basehttp 154 "GET /static/xadmin/vendor/select2/select2.css HTTP/1.1" 200 19226
INFO 2022-02-10 17:06:22,576 basehttp 154 "GET /static/xadmin/vendor/selectize/selectize.css HTTP/1.1" 200 8425
INFO 2022-02-10 17:06:22,577 basehttp 154 "GET /static/xadmin/vendor/selectize/selectize.bootstrap3.css HTTP/1.1" 200 10602
INFO 2022-02-10 17:06:22,608 basehttp 154 "GET /xadmin/jsi18n/ HTTP/1.1" 200 7722
INFO 2022-02-10 17:06:22,613 basehttp 154 "GET /static/xadmin/vendor/selectize/selectize.js HTTP/1.1" 200 98602
INFO 2022-02-10 17:06:22,625 basehttp 154 "GET /static/xadmin/vendor/select2/select2.js HTTP/1.1" 200 104906
INFO 2022-02-10 17:06:22,626 basehttp 154 "GET /static/xadmin/vendor/select2/select2_locale_zh-hans.js HTTP/1.1" 200 694
INFO 2022-02-10 17:06:22,631 basehttp 154 "GET /static/xadmin/js/xadmin.widget.select.js HTTP/1.1" 200 1344
INFO 2022-02-10 17:07:07,169 basehttp 154 "POST /xadmin/home/nav/add/ HTTP/1.1" 302 0
INFO 2022-02-10 17:07:07,252 basehttp 154 "GET /xadmin/home/nav/ HTTP/1.1" 200 30347
INFO 2022-02-10 17:07:07,310 basehttp 154 "GET /xadmin/jsi18n/ HTTP/1.1" 200 7722
INFO 2022-02-10 17:07:07,342 basehttp 154 "GET /static/xadmin/js/xadmin.plugin.actions.js HTTP/1.1" 304 0
INFO 2022-02-10 17:07:09,472 basehttp 154 "GET /xadmin/home/nav/add/ HTTP/1.1" 200 19152
INFO 2022-02-10 17:07:09,542 basehttp 154 "GET /xadmin/jsi18n/ HTTP/1.1" 200 7722
INFO 2022-02-10 17:09:39,652 basehttp 154 "POST /xadmin/home/nav/add/ HTTP/1.1" 302 0
INFO 2022-02-10 17:09:39,719 basehttp 154 "GET /xadmin/home/nav/ HTTP/1.1" 200 31172
INFO 2022-02-10 17:09:39,772 basehttp 154 "GET /xadmin/jsi18n/ HTTP/1.1" 200 7722
INFO 2022-02-10 17:09:41,620 basehttp 154 "GET /xadmin/home/nav/add/ HTTP/1.1" 200 19152
INFO 2022-02-10 17:09:41,699 basehttp 154 "GET /xadmin/jsi18n/ HTTP/1.1" 200 7722
INFO 2022-02-10 17:11:19,296 basehttp 154 "POST /xadmin/home/nav/add/ HTTP/1.1" 302 0
INFO 2022-02-10 17:11:19,369 basehttp 154 "GET /xadmin/home/nav/ HTTP/1.1" 200 31991
INFO 2022-02-10 17:11:19,441 basehttp 154 "GET /xadmin/jsi18n/ HTTP/1.1" 200 7722
INFO 2022-02-10 17:11:55,591 basehttp 154 "GET /xadmin/home/nav/add/ HTTP/1.1" 200 19152
INFO 2022-02-10 17:11:55,653 basehttp 154 "GET /xadmin/jsi18n/ HTTP/1.1" 200 7722
INFO 2022-02-10 17:12:14,433 basehttp 154 "POST /xadmin/home/nav/add/ HTTP/1.1" 302 0
INFO 2022-02-10 17:12:14,503 basehttp 154 "GET /xadmin/home/nav/ HTTP/1.1" 200 32819
INFO 2022-02-10 17:12:14,556 basehttp 154 "GET /xadmin/jsi18n/ HTTP/1.1" 200 7722
INFO 2022-02-10 17:12:54,456 basehttp 154 "GET /xadmin/home/nav/add/ HTTP/1.1" 200 19152
INFO 2022-02-10 17:12:54,578 basehttp 154 "GET /xadmin/jsi18n/ HTTP/1.1" 200 7722
INFO 2022-02-10 17:13:16,780 basehttp 154 "POST /xadmin/home/nav/add/ HTTP/1.1" 302 0
INFO 2022-02-10 17:13:16,850 basehttp 154 "GET /xadmin/home/nav/ HTTP/1.1" 200 33637
INFO 2022-02-10 17:13:16,904 basehttp 154 "GET /xadmin/jsi18n/ HTTP/1.1" 200 7722
WARNING 2022-02-10 17:13:49,833 log 222 Not Found: /
WARNING 2022-02-10 17:13:49,833 basehttp 154 "GET / HTTP/1.1" 404 2525
WARNING 2022-02-10 17:13:49,888 log 222 Not Found: /favicon.ico
WARNING 2022-02-10 17:14:00,539 log 222 Not Found: /nav/
WARNING 2022-02-10 17:14:00,540 basehttp 154 "GET /nav/ HTTP/1.1" 404 2555
INFO 2022-02-10 17:14:07,292 basehttp 154 "GET /nav/header/ HTTP/1.1" 200 10352
INFO 2022-02-10 17:33:50,657 basehttp 154 "GET /nav/header/ HTTP/1.1" 200 226
INFO 2022-02-10 17:34:06,177 basehttp 154 "GET /nav/header/ HTTP/1.1" 200 226
INFO 2022-02-10 17:34:06,193 basehttp 154 "GET /banner/ HTTP/1.1" 200 246
INFO 2022-02-10 17:34:06,307 basehttp 154 "GET /media/banner/c2700288ee986bd05275fc6d199f1892.jpeg HTTP/1.1" 304 0
INFO 2022-02-10 17:34:06,317 basehttp 154 "GET /media/banner/a78b92f923798a2d78ef08b656d5ffb9.jpeg HTTP/1.1" 304 0
INFO 2022-02-10 17:35:20,249 basehttp 154 "GET /nav/header/ HTTP/1.1" 200 226
INFO 2022-02-10 17:35:20,260 basehttp 154 "GET /banner/ HTTP/1.1" 200 246
INFO 2022-02-10 17:35:20,344 basehttp 154 "GET /media/banner/c2700288ee986bd05275fc6d199f1892.jpeg HTTP/1.1" 304 0
INFO 2022-02-10 17:35:20,345 basehttp 154 "GET /media/banner/a78b92f923798a2d78ef08b656d5ffb9.jpeg HTTP/1.1" 304 0
INFO 2022-02-10 17:38:19,189 basehttp 154 "GET /nav/header/ HTTP/1.1" 200 226
INFO 2022-02-10 17:38:19,245 basehttp 154 "GET /nav/header/ HTTP/1.1" 200 226
INFO 2022-02-10 17:40:49,743 basehttp 154 "GET /nav/header/ HTTP/1.1" 200 226
INFO 2022-02-10 17:40:49,779 basehttp 154 "GET /banner/ HTTP/1.1" 200 246
INFO 2022-02-10 17:40:50,185 basehttp 154 "GET /media/banner/c2700288ee986bd05275fc6d199f1892.jpeg HTTP/1.1" 304 0
INFO 2022-02-10 17:40:50,196 basehttp 154 "GET /media/banner/a78b92f923798a2d78ef08b656d5ffb9.jpeg HTTP/1.1" 304 0
INFO 2022-02-10 17:45:01,209 basehttp 154 "GET /banner/ HTTP/1.1" 200 246
INFO 2022-02-10 17:45:01,222 basehttp 154 "GET /nav/header/ HTTP/1.1" 200 226
INFO 2022-02-10 17:45:01,280 basehttp 154 "GET /media/banner/c2700288ee986bd05275fc6d199f1892.jpeg HTTP/1.1" 304 0
INFO 2022-02-10 17:45:01,281 basehttp 154 "GET /media/banner/a78b92f923798a2d78ef08b656d5ffb9.jpeg HTTP/1.1" 304 0
INFO 2022-02-10 17:47:30,757 basehttp 154 "GET /nav/header/ HTTP/1.1" 200 226
INFO 2022-02-10 17:47:30,771 basehttp 154 "GET /banner/ HTTP/1.1" 200 246
INFO 2022-02-10 17:47:35,776 basehttp 154 "GET /nav/header/ HTTP/1.1" 200 226
INFO 2022-02-10 17:47:35,812 basehttp 154 "GET /banner/ HTTP/1.1" 200 246
INFO 2022-02-10 17:51:37,618 basehttp 154 "GET /nav/header/ HTTP/1.1" 200 226
INFO 2022-02-10 17:51:37,618 basehttp 154 "GET /banner/ HTTP/1.1" 200 246
INFO 2022-02-10 17:54:45,167 basehttp 154 "GET /nav/header/ HTTP/1.1" 200 226
INFO 2022-02-10 17:54:45,173 basehttp 154 "GET /banner/ HTTP/1.1" 200 246
INFO 2022-02-10 17:54:52,727 basehttp 154 "GET /nav/header/ HTTP/1.1" 200 226
INFO 2022-02-10 17:54:52,771 basehttp 154 "GET /banner/ HTTP/1.1" 200 246
INFO 2022-02-10 17:55:08,094 autoreload 578 Watching for file changes with StatReloader
INFO 2022-02-10 17:55:13,673 basehttp 154 "GET /nav/header/ HTTP/1.1" 200 226
INFO 2022-02-10 17:55:13,694 basehttp 154 "GET /banner/ HTTP/1.1" 200 246
INFO 2022-02-10 17:55:16,342 basehttp 154 "GET /nav/header/ HTTP/1.1" 200 226
INFO 2022-02-10 17:55:16,400 basehttp 154 "GET /banner/ HTTP/1.1" 200 246
WARNING 2022-02-10 17:56:30,960 log 222 Not Found: /
WARNING 2022-02-10 17:56:30,961 basehttp 154 "GET / HTTP/1.1" 404 2525
INFO 2022-02-10 17:56:38,355 basehttp 154 "GET /xadmin/ HTTP/1.1" 200 14773
INFO 2022-02-10 17:56:38,467 basehttp 154 "GET /xadmin/jsi18n/ HTTP/1.1" 200 7722
INFO 2022-02-10 17:56:41,932 basehttp 154 "GET /xadmin/home/nav/ HTTP/1.1" 200 33345
INFO 2022-02-10 17:56:41,990 basehttp 154 "GET /xadmin/jsi18n/ HTTP/1.1" 200 7722
INFO 2022-02-10 17:56:44,303 basehttp 154 "GET /xadmin/home/nav/4/update/ HTTP/1.1" 200 19448
INFO 2022-02-10 17:56:44,368 basehttp 154 "GET /xadmin/jsi18n/ HTTP/1.1" 200 7722
INFO 2022-02-10 17:56:50,866 basehttp 154 "GET /xadmin/home/nav/ HTTP/1.1" 200 33345
INFO 2022-02-10 17:56:50,923 basehttp 154 "GET /xadmin/jsi18n/ HTTP/1.1" 200 7722
INFO 2022-02-10 17:56:59,667 basehttp 154 "GET /xadmin/home/nav/5/update/ HTTP/1.1" 200 19439
INFO 2022-02-10 17:56:59,727 basehttp 154 "GET /xadmin/jsi18n/ HTTP/1.1" 200 7722
INFO 2022-02-10 17:58:55,375 basehttp 154 "GET /nav/header/ HTTP/1.1" 200 226
INFO 2022-02-10 17:58:56,718 basehttp 154 "GET /nav/header/ HTTP/1.1" 200 226
INFO 2022-02-10 17:58:56,770 basehttp 154 "GET /banner/ HTTP/1.1" 200 246
INFO 2022-02-10 17:59:36,015 basehttp 154 "GET /banner/ HTTP/1.1" 200 246
INFO 2022-02-10 17:59:36,016 basehttp 154 "GET /nav/header/ HTTP/1.1" 200 226
INFO 2022-02-10 18:04:37,209 basehttp 154 "GET /nav/header/ HTTP/1.1" 200 226
INFO 2022-02-10 18:04:37,253 basehttp 154 "GET /banner/ HTTP/1.1" 200 246
INFO 2022-02-10 18:04:56,450 basehttp 154 "GET /nav/header/ HTTP/1.1" 200 226
INFO 2022-02-10 18:04:56,456 basehttp 154 "GET /banner/ HTTP/1.1" 200 246
INFO 2022-02-10 18:08:37,791 basehttp 154 "GET /nav/header/ HTTP/1.1" 200 226
INFO 2022-02-10 18:08:37,810 basehttp 154 "GET /banner/ HTTP/1.1" 200 246
INFO 2022-02-10 18:10:06,073 basehttp 154 "GET /banner/ HTTP/1.1" 200 246
INFO 2022-02-10 18:10:06,073 basehttp 154 "GET /nav/header/ HTTP/1.1" 200 226
INFO 2022-02-10 18:11:53,932 basehttp 154 "GET /xadmin/home/nav/5/update/ HTTP/1.1" 200 19439
INFO 2022-02-10 18:11:53,997 basehttp 154 "GET /xadmin/jsi18n/ HTTP/1.1" 200 7722
WARNING 2022-02-10 18:11:54,072 log 222 Not Found: /favicon.ico
INFO 2022-02-10 18:12:06,667 basehttp 154 "POST /xadmin/home/nav/5/update/ HTTP/1.1" 302 0
INFO 2022-02-10 18:12:06,766 basehttp 154 "GET /xadmin/home/nav/ HTTP/1.1" 200 33584
INFO 2022-02-10 18:12:06,825 basehttp 154 "GET /xadmin/jsi18n/ HTTP/1.1" 200 7722
INFO 2022-02-10 18:12:11,351 basehttp 154 "GET /xadmin/home/nav/2/update/ HTTP/1.1" 200 19440
INFO 2022-02-10 18:12:11,411 basehttp 154 "GET /xadmin/jsi18n/ HTTP/1.1" 200 7722
INFO 2022-02-10 18:12:17,270 basehttp 154 "POST /xadmin/home/nav/2/update/ HTTP/1.1" 302 0
INFO 2022-02-10 18:12:17,340 basehttp 154 "GET /xadmin/home/nav/ HTTP/1.1" 200 33591
INFO 2022-02-10 18:12:17,392 basehttp 154 "GET /xadmin/jsi18n/ HTTP/1.1" 200 7722
INFO 2022-02-10 18:12:30,885 basehttp 154 "GET /nav/header/ HTTP/1.1" 200 233
INFO 2022-02-10 18:12:30,931 basehttp 154 "GET /banner/ HTTP/1.1" 200 246
INFO 2022-02-10 18:19:23,260 autoreload 203 F:\全栈学习\后端\python项目\shop_project\luffyapi\luffyapi\apps\home\views.py changed, reloading.
INFO 2022-02-10 18:19:25,874 autoreload 578 Watching for file changes with StatReloader
WARNING 2022-02-10 18:19:47,935 log 222 Not Found: /
WARNING 2022-02-10 18:19:47,935 basehttp 154 "GET / HTTP/1.1" 404 2525
WARNING 2022-02-10 18:19:48,078 log 222 Not Found: /favicon.ico
INFO 2022-02-10 18:20:03,263 basehttp 154 "GET /nav/header/ HTTP/1.1" 200 10359
INFO 2022-02-10 18:20:03,334 basehttp 154 "GET /static/rest_framework/css/bootstrap-tweaks.css HTTP/1.1" 200 3385
INFO 2022-02-10 18:20:40,192 autoreload 203 F:\全栈学习\后端\python项目\shop_project\luffyapi\luffyapi\apps\home\views.py changed, reloading.
INFO 2022-02-10 18:20:41,928 autoreload 578 Watching for file changes with StatReloader
INFO 2022-02-10 18:20:42,612 basehttp 154 "GET /nav/header/ HTTP/1.1" 200 10359
INFO 2022-02-10 18:20:42,636 basehttp 154 "GET /static/rest_framework/js/jquery-3.5.1.min.js HTTP/1.1" 304 0
INFO 2022-02-10 18:20:42,637 basehttp 154 "GET /static/rest_framework/js/ajax-form.js HTTP/1.1" 304 0
INFO 2022-02-10 18:20:42,638 basehttp 154 "GET /static/rest_framework/js/csrf.js HTTP/1.1" 304 0
INFO 2022-02-10 18:20:42,640 basehttp 154 "GET /static/rest_framework/js/bootstrap.min.js HTTP/1.1" 304 0
INFO 2022-02-10 18:20:42,641 basehttp 154 "GET /static/rest_framework/js/prettify-min.js HTTP/1.1" 304 0
INFO 2022-02-10 18:20:42,641 basehttp 154 "GET /static/rest_framework/js/default.js HTTP/1.1" 304 0
INFO 2022-02-10 18:21:10,489 basehttp 154 "GET /nav/header/ HTTP/1.1" 200 233
INFO 2022-02-10 18:21:10,537 basehttp 154 "GET /banner/ HTTP/1.1" 200 246
